<?xml version="1.0" encoding="UTF-8"?>
<testsuites name="Mocha Tests" time="11.707" tests="1" failures="1">
  <testsuite name="Root Suite" timestamp="2023-01-24T12:41:41" tests="0" file="cypress\e2e\features\navigation\navigation.feature" time="0.000" failures="0">
  </testsuite>
  <testsuite name="Navigation Bar" timestamp="2023-01-24T12:41:41" tests="1" time="11.667" failures="1">
    <testcase name="Navigation Bar Navigation to the Feature Navigation Bar" time="5.559" classname="Navigation to the Feature Navigation Bar">
      <failure message="Timed out retrying after 4000ms: Expected to find element: `#account_summary_tab`, but never found it." type="AssertionError"><![CDATA[AssertionError: Timed out retrying after 4000ms: Expected to find element: `#account_summary_tab`, but never found it.
    at LoginPage.validarLoginExitoso (webpack://avanzado/./cypress/pageObjects/LoginPage.js:30:0)
    at Context.eval (webpack://avanzado/./cypress/e2e/features/navigation/navigation.js:12:0)
    at Registry.runStepDefininition (webpack://avanzado/./node_modules/@badeball/cypress-cucumber-preprocessor/lib/registry.js:119:0)
    at Object.fn (webpack://avanzado/./node_modules/@badeball/cypress-cucumber-preprocessor/lib/create-tests.js:299:0)
    at runStepWithLogGroup (webpack://avanzado/./node_modules/@badeball/cypress-cucumber-preprocessor/lib/cypress.js:11:0)
    at Context.eval (webpack://avanzado/./node_modules/@badeball/cypress-cucumber-preprocessor/lib/create-tests.js:296:0)]]></failure>
    </testcase>
  </testsuite>
</testsuites>